{"C:\\Users\\USER\\Documents\\Todo-List-App\\src\\create.js": {"path":"C:\\Users\\USER\\Documents\\Todo-List-App\\src\\create.js","statementMap":{"0":{"start":{"line":5,"column":23},"end":{"line":5,"column":53}},"1":{"start":{"line":6,"column":20},"end":{"line":6,"column":58}},"2":{"start":{"line":7,"column":15},"end":{"line":7,"column":51}},"3":{"start":{"line":8,"column":24},"end":{"line":8,"column":63}},"4":{"start":{"line":9,"column":16},"end":{"line":9,"column":51}},"5":{"start":{"line":11,"column":18},"end":{"line":21,"column":3}},"6":{"start":{"line":12,"column":18},"end":{"line":12,"column":70}},"7":{"start":{"line":13,"column":24},"end":{"line":17,"column":5}},"8":{"start":{"line":18,"column":4},"end":{"line":18,"column":28}},"9":{"start":{"line":19,"column":4},"end":{"line":19,"column":62}},"10":{"start":{"line":20,"column":4},"end":{"line":20,"column":29}},"11":{"start":{"line":23,"column":18},"end":{"line":48,"column":3}},"12":{"start":{"line":25,"column":18},"end":{"line":25,"column":70}},"13":{"start":{"line":26,"column":4},"end":{"line":47,"column":7}},"14":{"start":{"line":27,"column":19},"end":{"line":27,"column":55}},"15":{"start":{"line":28,"column":19},"end":{"line":28,"column":48}},"16":{"start":{"line":29,"column":6},"end":{"line":29,"column":33}},"17":{"start":{"line":30,"column":6},"end":{"line":38,"column":8}},"18":{"start":{"line":39,"column":6},"end":{"line":45,"column":7}},"19":{"start":{"line":40,"column":8},"end":{"line":40,"column":77}},"20":{"start":{"line":41,"column":8},"end":{"line":41,"column":93}},"21":{"start":{"line":43,"column":8},"end":{"line":43,"column":80}},"22":{"start":{"line":44,"column":8},"end":{"line":44,"column":96}},"23":{"start":{"line":46,"column":6},"end":{"line":46,"column":29}},"24":{"start":{"line":49,"column":2},"end":{"line":49,"column":12}},"25":{"start":{"line":51,"column":2},"end":{"line":56,"column":5}},"26":{"start":{"line":52,"column":4},"end":{"line":52,"column":42}},"27":{"start":{"line":52,"column":35},"end":{"line":52,"column":42}},"28":{"start":{"line":53,"column":4},"end":{"line":53,"column":32}},"29":{"start":{"line":54,"column":4},"end":{"line":54,"column":28}},"30":{"start":{"line":55,"column":4},"end":{"line":55,"column":14}},"31":{"start":{"line":58,"column":21},"end":{"line":68,"column":3}},"32":{"start":{"line":59,"column":18},"end":{"line":59,"column":70}},"33":{"start":{"line":60,"column":26},"end":{"line":60,"column":81}},"34":{"start":{"line":60,"column":49},"end":{"line":60,"column":80}},"35":{"start":{"line":61,"column":4},"end":{"line":61,"column":21}},"36":{"start":{"line":62,"column":12},"end":{"line":62,"column":13}},"37":{"start":{"line":63,"column":4},"end":{"line":63,"column":59}},"38":{"start":{"line":63,"column":35},"end":{"line":63,"column":47}},"39":{"start":{"line":63,"column":48},"end":{"line":63,"column":55}},"40":{"start":{"line":64,"column":4},"end":{"line":64,"column":33}},"41":{"start":{"line":65,"column":4},"end":{"line":65,"column":70}},"42":{"start":{"line":66,"column":4},"end":{"line":66,"column":27}},"43":{"start":{"line":67,"column":4},"end":{"line":67,"column":29}},"44":{"start":{"line":70,"column":2},"end":{"line":76,"column":5}},"45":{"start":{"line":71,"column":4},"end":{"line":75,"column":5}},"46":{"start":{"line":72,"column":21},"end":{"line":72,"column":29}},"47":{"start":{"line":73,"column":6},"end":{"line":73,"column":52}},"48":{"start":{"line":74,"column":6},"end":{"line":74,"column":21}},"49":{"start":{"line":78,"column":2},"end":{"line":91,"column":5}},"50":{"start":{"line":79,"column":26},"end":{"line":79,"column":34}},"51":{"start":{"line":80,"column":4},"end":{"line":90,"column":5}},"52":{"start":{"line":81,"column":6},"end":{"line":87,"column":7}},"53":{"start":{"line":82,"column":8},"end":{"line":82,"column":61}},"54":{"start":{"line":83,"column":8},"end":{"line":83,"column":45}},"55":{"start":{"line":85,"column":8},"end":{"line":85,"column":64}},"56":{"start":{"line":86,"column":8},"end":{"line":86,"column":44}},"57":{"start":{"line":88,"column":21},"end":{"line":88,"column":29}},"58":{"start":{"line":89,"column":6},"end":{"line":89,"column":24}},"59":{"start":{"line":93,"column":19},"end":{"line":99,"column":3}},"60":{"start":{"line":94,"column":17},"end":{"line":94,"column":51}},"61":{"start":{"line":95,"column":4},"end":{"line":97,"column":7}},"62":{"start":{"line":96,"column":6},"end":{"line":96,"column":20}},"63":{"start":{"line":98,"column":4},"end":{"line":98,"column":77}},"64":{"start":{"line":100,"column":2},"end":{"line":103,"column":5}},"65":{"start":{"line":101,"column":4},"end":{"line":101,"column":15}},"66":{"start":{"line":102,"column":4},"end":{"line":102,"column":23}},"67":{"start":{"line":105,"column":26},"end":{"line":111,"column":3}},"68":{"start":{"line":106,"column":18},"end":{"line":106,"column":70}},"69":{"start":{"line":107,"column":23},"end":{"line":107,"column":62}},"70":{"start":{"line":107,"column":46},"end":{"line":107,"column":61}},"71":{"start":{"line":109,"column":4},"end":{"line":109,"column":80}},"72":{"start":{"line":109,"column":52},"end":{"line":109,"column":77}},"73":{"start":{"line":110,"column":4},"end":{"line":110,"column":69}},"74":{"start":{"line":113,"column":2},"end":{"line":124,"column":5}},"75":{"start":{"line":114,"column":4},"end":{"line":123,"column":5}},"76":{"start":{"line":115,"column":20},"end":{"line":115,"column":54}},"77":{"start":{"line":116,"column":6},"end":{"line":120,"column":9}},"78":{"start":{"line":117,"column":8},"end":{"line":119,"column":9}},"79":{"start":{"line":118,"column":10},"end":{"line":118,"column":24}},"80":{"start":{"line":122,"column":6},"end":{"line":122,"column":24}}},"fnMap":{"0":{"name":"create","decl":{"start":{"line":4,"column":24},"end":{"line":4,"column":30}},"loc":{"start":{"line":4,"column":33},"end":{"line":125,"column":1}},"line":4},"1":{"name":"(anonymous_1)","decl":{"start":{"line":11,"column":18},"end":{"line":11,"column":19}},"loc":{"start":{"line":11,"column":24},"end":{"line":21,"column":3}},"line":11},"2":{"name":"(anonymous_2)","decl":{"start":{"line":23,"column":18},"end":{"line":23,"column":19}},"loc":{"start":{"line":23,"column":24},"end":{"line":48,"column":3}},"line":23},"3":{"name":"(anonymous_3)","decl":{"start":{"line":26,"column":18},"end":{"line":26,"column":19}},"loc":{"start":{"line":26,"column":28},"end":{"line":47,"column":5}},"line":26},"4":{"name":"(anonymous_4)","decl":{"start":{"line":51,"column":38},"end":{"line":51,"column":39}},"loc":{"start":{"line":51,"column":44},"end":{"line":56,"column":3}},"line":51},"5":{"name":"(anonymous_5)","decl":{"start":{"line":58,"column":21},"end":{"line":58,"column":22}},"loc":{"start":{"line":58,"column":29},"end":{"line":68,"column":3}},"line":58},"6":{"name":"(anonymous_6)","decl":{"start":{"line":60,"column":39},"end":{"line":60,"column":40}},"loc":{"start":{"line":60,"column":49},"end":{"line":60,"column":80}},"line":60},"7":{"name":"(anonymous_7)","decl":{"start":{"line":63,"column":26},"end":{"line":63,"column":27}},"loc":{"start":{"line":63,"column":33},"end":{"line":63,"column":57}},"line":63},"8":{"name":"(anonymous_8)","decl":{"start":{"line":70,"column":33},"end":{"line":70,"column":34}},"loc":{"start":{"line":70,"column":40},"end":{"line":76,"column":3}},"line":70},"9":{"name":"(anonymous_9)","decl":{"start":{"line":78,"column":34},"end":{"line":78,"column":35}},"loc":{"start":{"line":78,"column":41},"end":{"line":91,"column":3}},"line":78},"10":{"name":"(anonymous_10)","decl":{"start":{"line":93,"column":19},"end":{"line":93,"column":20}},"loc":{"start":{"line":93,"column":25},"end":{"line":99,"column":3}},"line":93},"11":{"name":"(anonymous_11)","decl":{"start":{"line":95,"column":17},"end":{"line":95,"column":18}},"loc":{"start":{"line":95,"column":27},"end":{"line":97,"column":5}},"line":95},"12":{"name":"(anonymous_12)","decl":{"start":{"line":100,"column":34},"end":{"line":100,"column":35}},"loc":{"start":{"line":100,"column":40},"end":{"line":103,"column":3}},"line":100},"13":{"name":"(anonymous_13)","decl":{"start":{"line":105,"column":26},"end":{"line":105,"column":27}},"loc":{"start":{"line":105,"column":32},"end":{"line":111,"column":3}},"line":105},"14":{"name":"(anonymous_14)","decl":{"start":{"line":107,"column":36},"end":{"line":107,"column":37}},"loc":{"start":{"line":107,"column":46},"end":{"line":107,"column":61}},"line":107},"15":{"name":"(anonymous_15)","decl":{"start":{"line":109,"column":36},"end":{"line":109,"column":37}},"loc":{"start":{"line":109,"column":52},"end":{"line":109,"column":77}},"line":109},"16":{"name":"(anonymous_16)","decl":{"start":{"line":113,"column":42},"end":{"line":113,"column":43}},"loc":{"start":{"line":113,"column":49},"end":{"line":124,"column":3}},"line":113},"17":{"name":"(anonymous_17)","decl":{"start":{"line":116,"column":20},"end":{"line":116,"column":21}},"loc":{"start":{"line":116,"column":30},"end":{"line":120,"column":7}},"line":116}},"branchMap":{"0":{"loc":{"start":{"line":12,"column":18},"end":{"line":12,"column":70}},"type":"binary-expr","locations":[{"start":{"line":12,"column":18},"end":{"line":12,"column":64}},{"start":{"line":12,"column":68},"end":{"line":12,"column":70}}],"line":12},"1":{"loc":{"start":{"line":25,"column":18},"end":{"line":25,"column":70}},"type":"binary-expr","locations":[{"start":{"line":25,"column":18},"end":{"line":25,"column":64}},{"start":{"line":25,"column":68},"end":{"line":25,"column":70}}],"line":25},"2":{"loc":{"start":{"line":39,"column":6},"end":{"line":45,"column":7}},"type":"if","locations":[{"start":{"line":39,"column":6},"end":{"line":45,"column":7}},{"start":{"line":42,"column":13},"end":{"line":45,"column":7}}],"line":39},"3":{"loc":{"start":{"line":52,"column":4},"end":{"line":52,"column":42}},"type":"if","locations":[{"start":{"line":52,"column":4},"end":{"line":52,"column":42}},{"start":{},"end":{}}],"line":52},"4":{"loc":{"start":{"line":59,"column":18},"end":{"line":59,"column":70}},"type":"binary-expr","locations":[{"start":{"line":59,"column":18},"end":{"line":59,"column":64}},{"start":{"line":59,"column":68},"end":{"line":59,"column":70}}],"line":59},"5":{"loc":{"start":{"line":71,"column":4},"end":{"line":75,"column":5}},"type":"if","locations":[{"start":{"line":71,"column":4},"end":{"line":75,"column":5}},{"start":{},"end":{}}],"line":71},"6":{"loc":{"start":{"line":80,"column":4},"end":{"line":90,"column":5}},"type":"if","locations":[{"start":{"line":80,"column":4},"end":{"line":90,"column":5}},{"start":{},"end":{}}],"line":80},"7":{"loc":{"start":{"line":81,"column":6},"end":{"line":87,"column":7}},"type":"if","locations":[{"start":{"line":81,"column":6},"end":{"line":87,"column":7}},{"start":{"line":84,"column":13},"end":{"line":87,"column":7}}],"line":81},"8":{"loc":{"start":{"line":106,"column":18},"end":{"line":106,"column":70}},"type":"binary-expr","locations":[{"start":{"line":106,"column":18},"end":{"line":106,"column":64}},{"start":{"line":106,"column":68},"end":{"line":106,"column":70}}],"line":106},"9":{"loc":{"start":{"line":114,"column":4},"end":{"line":123,"column":5}},"type":"if","locations":[{"start":{"line":114,"column":4},"end":{"line":123,"column":5}},{"start":{},"end":{}}],"line":114},"10":{"loc":{"start":{"line":117,"column":8},"end":{"line":119,"column":9}},"type":"if","locations":[{"start":{"line":117,"column":8},"end":{"line":119,"column":9}},{"start":{},"end":{}}],"line":117}},"s":{"0":0,"1":0,"2":0,"3":0,"4":0,"5":0,"6":0,"7":0,"8":0,"9":0,"10":0,"11":0,"12":0,"13":0,"14":0,"15":0,"16":0,"17":0,"18":0,"19":0,"20":0,"21":0,"22":0,"23":0,"24":0,"25":0,"26":0,"27":0,"28":0,"29":0,"30":0,"31":0,"32":0,"33":0,"34":0,"35":0,"36":0,"37":0,"38":0,"39":0,"40":0,"41":0,"42":0,"43":0,"44":0,"45":0,"46":0,"47":0,"48":0,"49":0,"50":0,"51":0,"52":0,"53":0,"54":0,"55":0,"56":0,"57":0,"58":0,"59":0,"60":0,"61":0,"62":0,"63":0,"64":0,"65":0,"66":0,"67":0,"68":0,"69":0,"70":0,"71":0,"72":0,"73":0,"74":0,"75":0,"76":0,"77":0,"78":0,"79":0,"80":0},"f":{"0":0,"1":0,"2":0,"3":0,"4":0,"5":0,"6":0,"7":0,"8":0,"9":0,"10":0,"11":0,"12":0,"13":0,"14":0,"15":0,"16":0,"17":0},"b":{"0":[0,0],"1":[0,0],"2":[0,0],"3":[0,0],"4":[0,0],"5":[0,0],"6":[0,0],"7":[0,0],"8":[0,0],"9":[0,0],"10":[0,0]}}
,"C:\\Users\\USER\\Documents\\Todo-List-App\\src\\index.js": {"path":"C:\\Users\\USER\\Documents\\Todo-List-App\\src\\index.js","statementMap":{"0":{"start":{"line":5,"column":0},"end":{"line":5,"column":9}}},"fnMap":{},"branchMap":{},"s":{"0":0},"f":{},"b":{}}
,"C:\\Users\\USER\\Documents\\Todo-List-App\\src\\module\\clear.js": {"path":"C:\\Users\\USER\\Documents\\Todo-List-App\\src\\module\\clear.js","statementMap":{"0":{"start":{"line":2,"column":22},"end":{"line":4,"column":3}},"1":{"start":{"line":3,"column":4},"end":{"line":3,"column":25}}},"fnMap":{"0":{"name":"(anonymous_0)","decl":{"start":{"line":2,"column":22},"end":{"line":2,"column":23}},"loc":{"start":{"line":2,"column":28},"end":{"line":4,"column":3}},"line":2}},"branchMap":{},"s":{"0":0,"1":0},"f":{"0":0},"b":{}}
,"C:\\Users\\USER\\Documents\\Todo-List-App\\src\\module\\completed.js": {"path":"C:\\Users\\USER\\Documents\\Todo-List-App\\src\\module\\completed.js","statementMap":{"0":{"start":{"line":1,"column":14},"end":{"line":1,"column":66}},"1":{"start":{"line":3,"column":15},"end":{"line":11,"column":3}},"2":{"start":{"line":5,"column":4},"end":{"line":9,"column":7}},"3":{"start":{"line":6,"column":6},"end":{"line":8,"column":7}},"4":{"start":{"line":7,"column":8},"end":{"line":7,"column":41}},"5":{"start":{"line":8,"column":8},"end":{"line":8,"column":20}},"6":{"start":{"line":10,"column":4},"end":{"line":10,"column":62}}},"fnMap":{"0":{"name":"(anonymous_0)","decl":{"start":{"line":3,"column":15},"end":{"line":3,"column":16}},"loc":{"start":{"line":3,"column":23},"end":{"line":11,"column":3}},"line":3},"1":{"name":"(anonymous_1)","decl":{"start":{"line":5,"column":14},"end":{"line":5,"column":15}},"loc":{"start":{"line":5,"column":24},"end":{"line":9,"column":5}},"line":5}},"branchMap":{"0":{"loc":{"start":{"line":1,"column":14},"end":{"line":1,"column":66}},"type":"binary-expr","locations":[{"start":{"line":1,"column":14},"end":{"line":1,"column":60}},{"start":{"line":1,"column":64},"end":{"line":1,"column":66}}],"line":1},"1":{"loc":{"start":{"line":6,"column":6},"end":{"line":8,"column":7}},"type":"if","locations":[{"start":{"line":6,"column":6},"end":{"line":8,"column":7}},{"start":{},"end":{}}],"line":6}},"s":{"0":0,"1":0,"2":0,"3":0,"4":0,"5":0,"6":0},"f":{"0":0,"1":0},"b":{"0":[0,0],"1":[0,0]}}
}
